Determining if the pthread_create exist failed with the following output:
Change Dir: /home/will/GitRepos/OgreSDL/CMakeFiles/CMakeTmp

Run Build Command:/usr/bin/make "cmTryCompileExec2459417428/fast"
make[1]: Entering directory '/home/will/GitRepos/OgreSDL/CMakeFiles/CMakeTmp'
/usr/bin/make -f CMakeFiles/cmTryCompileExec2459417428.dir/build.make CMakeFiles/cmTryCompileExec2459417428.dir/build
make[2]: Entering directory '/home/will/GitRepos/OgreSDL/CMakeFiles/CMakeTmp'
/usr/bin/cmake -E cmake_progress_report /home/will/GitRepos/OgreSDL/CMakeFiles/CMakeTmp/CMakeFiles 1
Building C object CMakeFiles/cmTryCompileExec2459417428.dir/CheckSymbolExists.c.o
/usr/bin/cc    -o CMakeFiles/cmTryCompileExec2459417428.dir/CheckSymbolExists.c.o   -c /home/will/GitRepos/OgreSDL/CMakeFiles/CMakeTmp/CheckSymbolExists.c
Linking C executable cmTryCompileExec2459417428
/usr/bin/cmake -E cmake_link_script CMakeFiles/cmTryCompileExec2459417428.dir/link.txt --verbose=1
/usr/bin/cc       CMakeFiles/cmTryCompileExec2459417428.dir/CheckSymbolExists.c.o  -o cmTryCompileExec2459417428 -rdynamic 
CMakeFiles/cmTryCompileExec2459417428.dir/CheckSymbolExists.c.o: In function `main':
CheckSymbolExists.c:(.text+0x16): undefined reference to `pthread_create'
collect2: error: ld returned 1 exit status
CMakeFiles/cmTryCompileExec2459417428.dir/build.make:91: recipe for target 'cmTryCompileExec2459417428' failed
make[2]: *** [cmTryCompileExec2459417428] Error 1
make[2]: Leaving directory '/home/will/GitRepos/OgreSDL/CMakeFiles/CMakeTmp'
Makefile:117: recipe for target 'cmTryCompileExec2459417428/fast' failed
make[1]: *** [cmTryCompileExec2459417428/fast] Error 2
make[1]: Leaving directory '/home/will/GitRepos/OgreSDL/CMakeFiles/CMakeTmp'

File /home/will/GitRepos/OgreSDL/CMakeFiles/CMakeTmp/CheckSymbolExists.c:
/* */
#include <pthread.h>

int main(int argc, char** argv)
{
  (void)argv;
#ifndef pthread_create
  return ((int*)(&pthread_create))[argc];
#else
  (void)argc;
  return 0;
#endif
}

Determining if the function pthread_create exists in the pthreads failed with the following output:
Change Dir: /home/will/GitRepos/OgreSDL/CMakeFiles/CMakeTmp

Run Build Command:/usr/bin/make "cmTryCompileExec760590844/fast"
make[1]: Entering directory '/home/will/GitRepos/OgreSDL/CMakeFiles/CMakeTmp'
/usr/bin/make -f CMakeFiles/cmTryCompileExec760590844.dir/build.make CMakeFiles/cmTryCompileExec760590844.dir/build
make[2]: Entering directory '/home/will/GitRepos/OgreSDL/CMakeFiles/CMakeTmp'
/usr/bin/cmake -E cmake_progress_report /home/will/GitRepos/OgreSDL/CMakeFiles/CMakeTmp/CMakeFiles 1
Building C object CMakeFiles/cmTryCompileExec760590844.dir/CheckFunctionExists.c.o
/usr/bin/cc   -DCHECK_FUNCTION_EXISTS=pthread_create   -o CMakeFiles/cmTryCompileExec760590844.dir/CheckFunctionExists.c.o   -c /usr/share/cmake-2.8/Modules/CheckFunctionExists.c
Linking C executable cmTryCompileExec760590844
/usr/bin/cmake -E cmake_link_script CMakeFiles/cmTryCompileExec760590844.dir/link.txt --verbose=1
/usr/bin/cc   -DCHECK_FUNCTION_EXISTS=pthread_create    CMakeFiles/cmTryCompileExec760590844.dir/CheckFunctionExists.c.o  -o cmTryCompileExec760590844 -rdynamic -lpthreads 
/usr/bin/ld: cannot find -lpthreads
collect2: error: ld returned 1 exit status
CMakeFiles/cmTryCompileExec760590844.dir/build.make:91: recipe for target 'cmTryCompileExec760590844' failed
make[2]: *** [cmTryCompileExec760590844] Error 1
make[2]: Leaving directory '/home/will/GitRepos/OgreSDL/CMakeFiles/CMakeTmp'
Makefile:117: recipe for target 'cmTryCompileExec760590844/fast' failed
make[1]: *** [cmTryCompileExec760590844/fast] Error 2
make[1]: Leaving directory '/home/will/GitRepos/OgreSDL/CMakeFiles/CMakeTmp'


